<?xml version="1.0" encoding="UTF-8"?>
<!-- Generated by org.testng.reporters.JUnitReportReporter -->
<testsuite hostname="LMCTag028" failures="0" tests="1" name="pageTests.Page1Test" time="3.959" errors="0" timestamp="2023-05-23T12:25:45 IST" skipped="0">
  <testcase classname="pageTests.Page1Test" name="fetchUrl" time="3.959"/>
  <system-out/>
</testsuite> <!-- pageTests.Page1Test -->
