<?xml version="1.0" encoding="UTF-8"?>
<!-- Generated by org.testng.reporters.JUnitReportReporter -->
<testsuite hostname="LMCTag028" failures="0" tests="1" name="pageObject.Page1" time="5.095" errors="0" timestamp="2023-05-23T13:30:59 IST" skipped="0">
  <testcase classname="pageObject.Page1" name="demoSite" time="5.095"/>
  <system-out/>
</testsuite> <!-- pageObject.Page1 -->
