<?xml version="1.0" encoding="UTF-8"?>
<!-- Generated by org.testng.reporters.JUnitReportReporter -->
<testsuite hostname="LMCTag028" failures="0" tests="1" name="pageObject.LoginPage" time="5.001" errors="0" timestamp="2023-05-23T14:32:04 IST" skipped="0">
  <testcase classname="pageObject.LoginPage" name="demoSite" time="5.001"/>
  <system-out/>
</testsuite> <!-- pageObject.LoginPage -->
